Virtual User Script started at : 6/17/2016 9:45:43 AM
Starting action vuser_init.
Web Turbo Replay of LoadRunner 12.53.0 for Windows 7; build 1203 (Jun 17 2016 19:13:20)  	[MsgId: MMSG-26983]
Run mode: HTML  	[MsgId: MMSG-26993]
Replay user agent: Mozilla/5.0 (compatible; MSIE 10.0; Windows NT 6.1; Trident/6.0)  	[MsgId: MMSG-26988]
Run-Time Settings file: "C:\scripts\J\\default.cfg"  	[MsgId: MMSG-27141]
Ending action vuser_init.
Running Vuser...
Starting iteration 1.
Maximum number of concurrent connections per server: 6  	[MsgId: MMSG-26989]
Starting action Action.
Action.c(3): Notify: Transaction "03" started.
Action.c(5): lr_think_time: 4.22 seconds (recorded think time was 3.00 seconds).
Action.c(6): Notify: Transaction "03" ended with a "Pass" status (Duration: 4.2223 Think Time: 4.2220).
Action.c(8): lr_think_time: 1.78 seconds (recorded think time was 2.00 seconds).
Ending action Action.
Ending iteration 1.
Ending Vuser...
Starting action vuser_end.
Ending action vuser_end.
Vuser Terminated.
